WARNING:root:Failed to sign in
DEBUG:root:User signed in
DEBUG:root:User signed in
DEBUG:root:database opened
DEBUG:root:database file re opened
DEBUG:root:database file opened/read
DEBUG:root:database file edited
DEBUG:root:User signed in
DEBUG:root:User signed in
DEBUG:root:User signed in
DEBUG:root:User signed in
DEBUG:root:User signed in
DEBUG:root:User signed in
DEBUG:root:User signed in
DEBUG:root:User signed in
DEBUG:root:User signed in
DEBUG:root:User signed in
DEBUG:root:User signed in
DEBUG:root:User signed in
DEBUG:root:User signed in
DEBUG:root:User signed in
DEBUG:root:minecraft opened
DEBUG:root:database opened
DEBUG:root:User signed in
DEBUG:root:User signed in
DEBUG:root:User signed in
DEBUG:root:User signed in
DEBUG:root:User signed in
DEBUG:root:User signed in
DEBUG:root:minecraft opened
DEBUG:root:chrome opened
DEBUG:root:file read
DEBUG:root:log function opened
DEBUG:root:User signed in
DEBUG:root:User signed in
DEBUG:root:User signed in
DEBUG:root:User signed in
WARNING:root:Failed to sign in
DEBUG:root:User signed in
DEBUG:root:User signed in
DEBUG:root:User signed in
